
--- Job allbases.gms Start 02/17/22 11:09:02 24.2.3 r46072 WEX-WEI x86_64/MS Windows
GAMS 24.2.3   Copyright (C) 1987-2014 GAMS Development. All rights reserved
Licensee: Utah Water Research Laboratory (5 user)        G140130:1517AV-GEN
          Utah State University                                      DC7087
          License for teaching and research at degree granting institutions
--- Starting compilation
--- allbases.gms(116) 3 Mb
--- Starting execution: elapsed 0:00:00.004
--- allbases.gms(99) 4 Mb
--- Generating MIP model transport
--- allbases.gms(100) 4 Mb
--- LOOPS nb = b1
---   18 rows  23 columns  57 non-zeroes
---   11 discrete-columns
--- Executing CPLEX (Solvelink=5): elapsed 0:00:00.010

IBM ILOG CPLEX   24.2.3 r46072 Released May 22, 2014 WEI x86_64/MS Windows    
Cplex 12.6.0.0

Reading data...
Starting Cplex...
Space for names approximately 0.00 Mb
Use option 'names no' to turn use of names off
Tried aggregator 2 times.
MIP Presolve eliminated 1 rows and 1 columns.
Aggregator did 3 substitutions.
Reduced MIP has 14 rows, 19 columns, and 47 nonzeros.
Reduced MIP has 11 binaries, 0 generals, 0 SOSs, and 0 indicators.
Presolve time = 0.00 sec. (0.04 ticks)
Found incumbent of value 157.275000 after 0.02 sec. (0.09 ticks)
Probing time = 0.00 sec. (0.01 ticks)
Cover probing fixed 0 vars, tightened 9 bounds.
Tried aggregator 1 time.
MIP Presolve eliminated 1 rows and 1 columns.
MIP Presolve modified 6 coefficients.
Reduced MIP has 13 rows, 18 columns, and 44 nonzeros.
Reduced MIP has 10 binaries, 0 generals, 0 SOSs, and 0 indicators.
Presolve time = 0.00 sec. (0.03 ticks)
Probing fixed 0 vars, tightened 1 bounds.
Probing time = 0.00 sec. (0.01 ticks)
Cover probing fixed 0 vars, tightened 2 bounds.
Clique table members: 5.
MIP emphasis: balance optimality and feasibility.
MIP search method: dynamic search.
Parallel mode: none, using 1 thread.
Tried aggregator 1 time.
No LP presolve or aggregator reductions.
Presolve time = 0.00 sec. (0.01 ticks)
Initializing dual steep norms . . .

Iteration      Dual Objective            In Variable           Out Variable
     1             153.675000  x(san-diego.new-york)    x(san-diego.topeka)
     2             153.675000      sslack(san-diego)        sslack(seattle)
     3             153.675000        sslind(seattle) xind(seattle.new-york)
     4             153.675000  xind(seattle.chicago)defximp(seattle.c slack
     5             153.675000xind(san-diego.new-yorkdefximp(san-diego slack
     6             153.675000 xind(seattle.new-york)        sslind(seattle)
Root relaxation solution time = 0.01 sec. (0.02 ticks)

        Nodes                                         Cuts/
   Node  Left     Objective  IInf  Best Integer    Best Bound    ItCnt     Gap

*     0+    0                          157.2750      153.6750        6    2.29%
Found incumbent of value 157.275000 after 0.03 sec. (0.18 ticks)
      0     0      153.6750     2      157.2750      153.6750        6    2.29%
*     0+    0                          153.6750      153.6750        6    0.00%
Found incumbent of value 153.675000 after 0.03 sec. (0.20 ticks)
      0     0        cutoff            153.6750      153.6750        6    0.00%
Elapsed time = 0.03 sec. (0.20 ticks, tree = 0.00 MB, solutions = 2)

Root node processing (before b&c):
  Real time             =    0.03 sec. (0.20 ticks)
Sequential b&c:
  Real time             =    0.00 sec. (0.00 ticks)
                          ------------
Total (root+branch&cut) =    0.03 sec. (0.20 ticks)
MIP status(101): integer optimal solution
Cplex Time: 0.03sec (det. 0.21 ticks)
Fixing integer variables, and solving final LP...
Tried aggregator 1 time.
LP Presolve eliminated 18 rows and 23 columns.
All rows and columns eliminated.
Presolve time = 0.00 sec. (0.01 ticks)
Fixed MIP status(1): optimal
Cplex Time: 0.00sec (det. 0.01 ticks)

Proven optimal solution.

MIP Solution:          153.675000    (6 iterations, 0 nodes)
Final Solve:           153.675000    (0 iterations)

Best possible:         153.675000
Absolute gap:            0.000000
Relative gap:            0.000000

--- Reading solution for model transport
--- Executing after solve: elapsed 0:00:00.072
--- allbases.gms(99) 4 Mb
--- Generating MIP model transport
--- allbases.gms(100) 4 Mb
--- LOOPS nb = b2
---   19 rows  23 columns  68 non-zeroes
---   11 discrete-columns
--- Executing CPLEX (Solvelink=5): elapsed 0:00:00.075

IBM ILOG CPLEX   24.2.3 r46072 Released May 22, 2014 WEI x86_64/MS Windows    
Cplex 12.6.0.0

Reading data...
Starting Cplex...
Space for names approximately 0.00 Mb
Use option 'names no' to turn use of names off
Tried aggregator 2 times.
MIP Presolve eliminated 1 rows and 1 columns.
MIP Presolve modified 21 coefficients.
Aggregator did 3 substitutions.
Reduced MIP has 15 rows, 19 columns, and 52 nonzeros.
Reduced MIP has 11 binaries, 0 generals, 0 SOSs, and 0 indicators.
Presolve time = 0.00 sec. (0.05 ticks)
Found incumbent of value 155.475000 after 0.00 sec. (0.10 ticks)
Probing time = 0.00 sec. (0.01 ticks)
Cover probing fixed 0 vars, tightened 15 bounds.
Tried aggregator 1 time.
MIP Presolve eliminated 2 rows and 3 columns.
MIP Presolve modified 8 coefficients.
Reduced MIP has 13 rows, 16 columns, and 41 nonzeros.
Reduced MIP has 8 binaries, 0 generals, 0 SOSs, and 0 indicators.
Presolve time = 0.09 sec. (0.03 ticks)
Probing time = 0.00 sec. (0.01 ticks)
Cover probing fixed 0 vars, tightened 3 bounds.
Tried aggregator 1 time.
MIP Presolve modified 3 coefficients.
Reduced MIP has 13 rows, 16 columns, and 41 nonzeros.
Reduced MIP has 8 binaries, 0 generals, 0 SOSs, and 0 indicators.
Presolve time = 0.00 sec. (0.02 ticks)
Probing time = 0.00 sec. (0.01 ticks)
Clique table members: 1.
MIP emphasis: balance optimality and feasibility.
MIP search method: dynamic search.
Parallel mode: none, using 1 thread.
Tried aggregator 1 time.
No LP presolve or aggregator reductions.
Presolve time = 0.00 sec. (0.01 ticks)
Initializing dual steep norms . . .

Iteration      Dual Objective            In Variable           Out Variable
     1             153.675000  x(san-diego.new-york)    x(san-diego.topeka)
     2             153.675000      sslack(san-diego)        sslack(seattle)
     3             153.675000       dslind(new-york) xind(seattle.new-york)
     4             153.675000      sslind(san-diego)defsslimp(san-die slack
Root relaxation solution time = 0.00 sec. (0.02 ticks)

        Nodes                                         Cuts/
   Node  Left     Objective  IInf  Best Integer    Best Bound    ItCnt     Gap

*     0+    0                          155.4750      153.6750        4    1.16%
Found incumbent of value 155.475000 after 0.11 sec. (0.22 ticks)
      0     0      153.6750     2      155.4750      153.6750        4    1.16%
*     0+    0                          153.6750      153.6750        4    0.00%
Found incumbent of value 153.675000 after 0.11 sec. (0.24 ticks)
      0     0        cutoff            153.6750      153.6750        4    0.00%
Elapsed time = 0.11 sec. (0.24 ticks, tree = 0.00 MB, solutions = 2)

Root node processing (before b&c):
  Real time             =    0.11 sec. (0.24 ticks)
Sequential b&c:
  Real time             =    0.00 sec. (0.00 ticks)
                          ------------
Total (root+branch&cut) =    0.11 sec. (0.24 ticks)
MIP status(101): integer optimal solution
Cplex Time: 0.13sec (det. 0.24 ticks)
Fixing integer variables, and solving final LP...
Tried aggregator 1 time.
LP Presolve eliminated 19 rows and 23 columns.
All rows and columns eliminated.
Presolve time = 0.00 sec. (0.01 ticks)
Fixed MIP status(1): optimal
Cplex Time: 0.00sec (det. 0.02 ticks)

Proven optimal solution.

MIP Solution:          153.675000    (4 iterations, 0 nodes)
Final Solve:           153.675000    (0 iterations)

Best possible:         153.675000
Absolute gap:            0.000000
Relative gap:            0.000000

--- Reading solution for model transport
--- Executing after solve: elapsed 0:00:00.219
--- allbases.gms(99) 4 Mb
--- Generating MIP model transport
--- allbases.gms(100) 4 Mb
--- LOOPS nb = b3
---   20 rows  23 columns  79 non-zeroes
---   11 discrete-columns
--- Executing CPLEX (Solvelink=5): elapsed 0:00:00.222

IBM ILOG CPLEX   24.2.3 r46072 Released May 22, 2014 WEI x86_64/MS Windows    
Cplex 12.6.0.0

Reading data...
Starting Cplex...
Space for names approximately 0.00 Mb
Use option 'names no' to turn use of names off
Tried aggregator 2 times.
MIP Presolve eliminated 1 rows and 1 columns.
MIP Presolve modified 42 coefficients.
Aggregator did 3 substitutions.
Reduced MIP has 16 rows, 19 columns, and 57 nonzeros.
Reduced MIP has 11 binaries, 0 generals, 0 SOSs, and 0 indicators.
Presolve time = 0.00 sec. (0.06 ticks)
Found incumbent of value 156.375000 after 0.00 sec. (0.11 ticks)
Probing time = 0.00 sec. (0.01 ticks)
Cover probing fixed 0 vars, tightened 10 bounds.
Tried aggregator 1 time.
MIP Presolve eliminated 1 rows and 1 columns.
MIP Presolve modified 7 coefficients.
Reduced MIP has 15 rows, 18 columns, and 52 nonzeros.
Reduced MIP has 10 binaries, 0 generals, 0 SOSs, and 0 indicators.
Presolve time = 0.00 sec. (0.03 ticks)
Probing fixed 1 vars, tightened 0 bounds.
Probing time = 0.00 sec. (0.01 ticks)
Cover probing fixed 0 vars, tightened 2 bounds.
Clique table members: 3.
MIP emphasis: balance optimality and feasibility.
MIP search method: dynamic search.
Parallel mode: none, using 1 thread.
Tried aggregator 1 time.
LP Presolve eliminated 0 rows and 1 columns.
Reduced LP has 15 rows, 17 columns, and 48 nonzeros.
Presolve time = 0.00 sec. (0.01 ticks)
Initializing dual steep norms . . .

Iteration      Dual Objective            In Variable           Out Variable
     1             153.675000  x(san-diego.new-york)    x(san-diego.topeka)
     2             153.675000      sslack(san-diego)        sslack(seattle)
     3             153.675000       dslind(new-york)         dslind(topeka)
     4             153.675000xind(san-diego.new-yorkdefximp(san-diego slack
     5             153.675000 xind(seattle.new-york)defximp(seattle.n slack
Initializing dual steep norms . . .
Root relaxation solution time = 0.02 sec. (0.03 ticks)

        Nodes                                         Cuts/
   Node  Left     Objective  IInf  Best Integer    Best Bound    ItCnt     Gap

*     0+    0                          156.3750      153.6750        5    1.73%
Found incumbent of value 156.375000 after 0.02 sec. (0.22 ticks)
      0     0      153.6750     2      156.3750      153.6750        5    1.73%
*     0+    0                          153.6750      153.6750        5    0.00%
Found incumbent of value 153.675000 after 0.02 sec. (0.24 ticks)
      0     0        cutoff            153.6750      153.6750        5    0.00%
Elapsed time = 0.02 sec. (0.24 ticks, tree = 0.00 MB, solutions = 1)

Root node processing (before b&c):
  Real time             =    0.02 sec. (0.24 ticks)
Sequential b&c:
  Real time             =    0.00 sec. (0.00 ticks)
                          ------------
Total (root+branch&cut) =    0.02 sec. (0.24 ticks)
MIP status(101): integer optimal solution
Cplex Time: 0.02sec (det. 0.24 ticks)
Fixing integer variables, and solving final LP...
Tried aggregator 1 time.
LP Presolve eliminated 20 rows and 23 columns.
All rows and columns eliminated.
Presolve time = 0.00 sec. (0.01 ticks)
Fixed MIP status(1): optimal
Cplex Time: 0.00sec (det. 0.02 ticks)

Proven optimal solution.

MIP Solution:          153.675000    (5 iterations, 0 nodes)
Final Solve:           153.675000    (0 iterations)

Best possible:         153.675000
Absolute gap:            0.000000
Relative gap:            0.000000

--- Reading solution for model transport
--- Executing after solve: elapsed 0:00:00.255
--- allbases.gms(99) 4 Mb
--- Generating MIP model transport
--- allbases.gms(100) 4 Mb
--- LOOPS nb = b4
---   21 rows  23 columns  90 non-zeroes
---   11 discrete-columns
--- Executing CPLEX (Solvelink=5): elapsed 0:00:00.257

IBM ILOG CPLEX   24.2.3 r46072 Released May 22, 2014 WEI x86_64/MS Windows    
Cplex 12.6.0.0

Reading data...
Starting Cplex...
Space for names approximately 0.00 Mb
Use option 'names no' to turn use of names off
Tried aggregator 2 times.
MIP Presolve eliminated 1 rows and 1 columns.
MIP Presolve modified 63 coefficients.
Aggregator did 3 substitutions.
Reduced MIP has 17 rows, 19 columns, and 62 nonzeros.
Reduced MIP has 11 binaries, 0 generals, 0 SOSs, and 0 indicators.
Presolve time = 0.00 sec. (0.07 ticks)
Found incumbent of value 157.275000 after 0.00 sec. (0.12 ticks)
Probing time = 0.00 sec. (0.01 ticks)
Cover probing fixed 0 vars, tightened 9 bounds.
Tried aggregator 1 time.
MIP Presolve eliminated 1 rows and 1 columns.
MIP Presolve modified 6 coefficients.
Reduced MIP has 16 rows, 18 columns, and 56 nonzeros.
Reduced MIP has 10 binaries, 0 generals, 0 SOSs, and 0 indicators.
Presolve time = 0.00 sec. (0.03 ticks)
Probing fixed 0 vars, tightened 1 bounds.
Probing time = 0.00 sec. (0.01 ticks)
Cover probing fixed 0 vars, tightened 2 bounds.
Clique table members: 5.
MIP emphasis: balance optimality and feasibility.
MIP search method: dynamic search.
Parallel mode: none, using 1 thread.
Tried aggregator 1 time.
No LP presolve or aggregator reductions.
Presolve time = 0.00 sec. (0.01 ticks)
Initializing dual steep norms . . .

Iteration      Dual Objective            In Variable           Out Variable
     1             153.675000  x(san-diego.new-york)    x(san-diego.topeka)
     2             153.675000      sslack(san-diego)        sslack(seattle)
     3             153.675000        dslind(chicago)xind(san-diego.chicago)
     4             153.675000  xind(seattle.chicago)defximp(seattle.c slack
     5             153.675000xind(san-diego.new-yorkdefximp(san-diego slack
     6             153.675000xind(san-diego.chicago)        dslind(chicago)
     7             153.675000 xind(seattle.new-york)defximp(seattle.n slack
Root relaxation solution time = 0.00 sec. (0.03 ticks)

        Nodes                                         Cuts/
   Node  Left     Objective  IInf  Best Integer    Best Bound    ItCnt     Gap

*     0+    0                          157.2750      153.6750        7    2.29%
Found incumbent of value 157.275000 after 0.00 sec. (0.22 ticks)
      0     0      153.6750     2      157.2750      153.6750        7    2.29%
*     0+    0                          153.6750      153.6750        7    0.00%
Found incumbent of value 153.675000 after 0.00 sec. (0.25 ticks)
      0     0        cutoff            153.6750      153.6750        7    0.00%
Elapsed time = 0.00 sec. (0.25 ticks, tree = 0.00 MB, solutions = 2)

Root node processing (before b&c):
  Real time             =    0.00 sec. (0.25 ticks)
Sequential b&c:
  Real time             =    0.00 sec. (0.00 ticks)
                          ------------
Total (root+branch&cut) =    0.00 sec. (0.25 ticks)
MIP status(101): integer optimal solution
Cplex Time: 0.00sec (det. 0.25 ticks)
Fixing integer variables, and solving final LP...
Tried aggregator 1 time.
LP Presolve eliminated 21 rows and 23 columns.
All rows and columns eliminated.
Presolve time = 0.02 sec. (0.01 ticks)
Fixed MIP status(1): optimal
Cplex Time: 0.02sec (det. 0.02 ticks)

Proven optimal solution.

MIP Solution:          153.675000    (7 iterations, 0 nodes)
Final Solve:           153.675000    (0 iterations)

Best possible:         153.675000
Absolute gap:            0.000000
Relative gap:            0.000000

--- Reading solution for model transport
--- Executing after solve: elapsed 0:00:00.294
--- allbases.gms(99) 4 Mb
--- Generating MIP model transport
--- allbases.gms(100) 4 Mb
--- LOOPS nb = b5
---   22 rows  23 columns  101 non-zeroes
---   11 discrete-columns
--- Executing CPLEX (Solvelink=5): elapsed 0:00:00.297

IBM ILOG CPLEX   24.2.3 r46072 Released May 22, 2014 WEI x86_64/MS Windows    
Cplex 12.6.0.0

Reading data...
Starting Cplex...
Space for names approximately 0.00 Mb
Use option 'names no' to turn use of names off
Tried aggregator 2 times.
MIP Presolve eliminated 1 rows and 1 columns.
MIP Presolve modified 84 coefficients.
Aggregator did 3 substitutions.
Reduced MIP has 18 rows, 19 columns, and 67 nonzeros.
Reduced MIP has 11 binaries, 0 generals, 0 SOSs, and 0 indicators.
Presolve time = 0.00 sec. (0.08 ticks)
Found incumbent of value 177.525000 after 0.00 sec. (0.13 ticks)
Probing time = 0.00 sec. (0.01 ticks)
Cover probing fixed 0 vars, tightened 7 bounds.
Tried aggregator 1 time.
MIP Presolve modified 5 coefficients.
Reduced MIP has 18 rows, 19 columns, and 67 nonzeros.
Reduced MIP has 11 binaries, 0 generals, 0 SOSs, and 0 indicators.
Presolve time = 0.00 sec. (0.04 ticks)
Probing time = 0.00 sec. (0.01 ticks)
Clique table members: 6.
MIP emphasis: balance optimality and feasibility.
MIP search method: dynamic search.
Parallel mode: none, using 1 thread.
Tried aggregator 1 time.
No LP presolve or aggregator reductions.
Presolve time = 0.02 sec. (0.01 ticks)
Initializing dual steep norms . . .

Iteration      Dual Objective            In Variable           Out Variable
     1             153.675000  x(san-diego.new-york)    x(san-diego.topeka)
     2             153.675000      sslack(san-diego)        sslack(seattle)
     3             153.675000xind(san-diego.chicago)        dslind(chicago)
     4             153.675000  xind(seattle.chicago)defximp(seattle.c slack
     5             153.675000xind(san-diego.new-yorkdefximp(san-diego slack
     6             153.675000        dslind(chicago)xind(san-diego.chicago)
     7             153.675000      sslind(san-diego)       defcut(b1) slack
     8             153.675000 xind(seattle.new-york)defximp(seattle.n slack
     9             153.675000        sslind(seattle)defsslimp(san-die slack
Root relaxation solution time = 0.02 sec. (0.03 ticks)

        Nodes                                         Cuts/
   Node  Left     Objective  IInf  Best Integer    Best Bound    ItCnt     Gap

*     0+    0                          177.5250      153.6750        9   13.43%
Found incumbent of value 177.525000 after 0.02 sec. (0.25 ticks)
      0     0      153.6750     5      177.5250      153.6750        9   13.43%
*     0+    0                          153.6750      153.6750        9    0.00%
Found incumbent of value 153.675000 after 0.02 sec. (0.28 ticks)
      0     0        cutoff            153.6750      153.6750        9    0.00%
Elapsed time = 0.02 sec. (0.28 ticks, tree = 0.00 MB, solutions = 2)

Root node processing (before b&c):
  Real time             =    0.02 sec. (0.28 ticks)
Sequential b&c:
  Real time             =    0.00 sec. (0.00 ticks)
                          ------------
Total (root+branch&cut) =    0.02 sec. (0.28 ticks)
MIP status(101): integer optimal solution
Cplex Time: 0.02sec (det. 0.28 ticks)
Fixing integer variables, and solving final LP...
Tried aggregator 1 time.
LP Presolve eliminated 22 rows and 23 columns.
All rows and columns eliminated.
Presolve time = 0.02 sec. (0.01 ticks)
Fixed MIP status(1): optimal
Cplex Time: 0.02sec (det. 0.02 ticks)

Proven optimal solution.

MIP Solution:          153.675000    (9 iterations, 0 nodes)
Final Solve:           153.675000    (0 iterations)

Best possible:         153.675000
Absolute gap:            0.000000
Relative gap:            0.000000

--- Reading solution for model transport
--- Executing after solve: elapsed 0:00:00.339
--- allbases.gms(99) 4 Mb
--- Generating MIP model transport
--- allbases.gms(100) 4 Mb
--- LOOPS nb = b6
---   23 rows  23 columns  112 non-zeroes
---   11 discrete-columns
--- Executing CPLEX (Solvelink=5): elapsed 0:00:00.344

IBM ILOG CPLEX   24.2.3 r46072 Released May 22, 2014 WEI x86_64/MS Windows    
Cplex 12.6.0.0

Reading data...
Starting Cplex...
Space for names approximately 0.00 Mb
Use option 'names no' to turn use of names off
Tried aggregator 2 times.
MIP Presolve eliminated 1 rows and 1 columns.
MIP Presolve modified 105 coefficients.
Aggregator did 3 substitutions.
Reduced MIP has 19 rows, 19 columns, and 72 nonzeros.
Reduced MIP has 11 binaries, 0 generals, 0 SOSs, and 0 indicators.
Presolve time = 0.00 sec. (0.08 ticks)
Found incumbent of value 177.525000 after 0.00 sec. (0.14 ticks)
Probing time = 0.00 sec. (0.01 ticks)
Cover probing fixed 0 vars, tightened 7 bounds.
Tried aggregator 1 time.
MIP Presolve modified 5 coefficients.
Reduced MIP has 19 rows, 19 columns, and 72 nonzeros.
Reduced MIP has 11 binaries, 0 generals, 0 SOSs, and 0 indicators.
Presolve time = 0.00 sec. (0.04 ticks)
Probing time = 0.00 sec. (0.01 ticks)
Clique table members: 6.
MIP emphasis: balance optimality and feasibility.
MIP search method: dynamic search.
Parallel mode: none, using 1 thread.
Tried aggregator 1 time.
No LP presolve or aggregator reductions.
Presolve time = 0.00 sec. (0.01 ticks)
Initializing dual steep norms . . .

Iteration      Dual Objective            In Variable           Out Variable
     1             153.675000  x(san-diego.new-york)    x(san-diego.topeka)
     2             153.675000      sslack(san-diego)        sslack(seattle)
     3             153.675000   xind(seattle.topeka)xind(san-diego.chicago)
     4             153.675000  xind(seattle.chicago)defximp(seattle.c slack
     5             153.675000 xind(san-diego.topeka)defximp(san-diego slack
     6             153.675000xind(san-diego.new-yorkdefximp(san-diego slack
     7             153.675000       dslind(new-york)   xind(seattle.topeka)
     8             153.675000      sslind(san-diego)       defcut(b1) slack
     9             153.675000xind(san-diego.chicago)       defcut(b4) slack
    10             153.675000 xind(seattle.new-york)defximp(seattle.n slack
    11             153.675000        sslind(seattle)defsslimp(san-die slack
Root relaxation solution time = 0.02 sec. (0.04 ticks)

        Nodes                                         Cuts/
   Node  Left     Objective  IInf  Best Integer    Best Bound    ItCnt     Gap

*     0+    0                          177.5250      153.6750       11   13.43%
Found incumbent of value 177.525000 after 0.02 sec. (0.27 ticks)
      0     0      153.6750     6      177.5250      153.6750       11   13.43%
*     0+    0                          153.6750      153.6750       11    0.00%
Found incumbent of value 153.675000 after 0.02 sec. (0.30 ticks)
      0     0        cutoff            153.6750      153.6750       11    0.00%
Elapsed time = 0.02 sec. (0.30 ticks, tree = 0.00 MB, solutions = 2)

Root node processing (before b&c):
  Real time             =    0.03 sec. (0.30 ticks)
Sequential b&c:
  Real time             =    0.00 sec. (0.00 ticks)
                          ------------
Total (root+branch&cut) =    0.03 sec. (0.30 ticks)
MIP status(101): integer optimal solution
Cplex Time: 0.03sec (det. 0.30 ticks)
Fixing integer variables, and solving final LP...
Tried aggregator 1 time.
LP Presolve eliminated 23 rows and 23 columns.
All rows and columns eliminated.
Presolve time = 0.00 sec. (0.01 ticks)
Fixed MIP status(1): optimal
Cplex Time: 0.00sec (det. 0.02 ticks)

Proven optimal solution.

MIP Solution:          153.675000    (11 iterations, 0 nodes)
Final Solve:           153.675000    (0 iterations)

Best possible:         153.675000
Absolute gap:            0.000000
Relative gap:            0.000000

--- Reading solution for model transport
--- Executing after solve: elapsed 0:00:00.391
--- allbases.gms(99) 4 Mb
--- Generating MIP model transport
--- allbases.gms(100) 4 Mb
--- LOOPS nb = b7
---   24 rows  23 columns  123 non-zeroes
---   11 discrete-columns
--- Executing CPLEX (Solvelink=5): elapsed 0:00:00.393

IBM ILOG CPLEX   24.2.3 r46072 Released May 22, 2014 WEI x86_64/MS Windows    
Cplex 12.6.0.0

Reading data...
Starting Cplex...
Space for names approximately 0.00 Mb
Use option 'names no' to turn use of names off
Tried aggregator 2 times.
MIP Presolve eliminated 1 rows and 1 columns.
MIP Presolve modified 126 coefficients.
Aggregator did 3 substitutions.
Reduced MIP has 20 rows, 19 columns, and 77 nonzeros.
Reduced MIP has 11 binaries, 0 generals, 0 SOSs, and 0 indicators.
Presolve time = 0.00 sec. (0.09 ticks)
Found incumbent of value 157.275000 after 0.00 sec. (0.15 ticks)
Probing time = 0.00 sec. (0.01 ticks)
Cover probing fixed 0 vars, tightened 9 bounds.
Tried aggregator 1 time.
MIP Presolve eliminated 1 rows and 1 columns.
MIP Presolve modified 6 coefficients.
Reduced MIP has 19 rows, 18 columns, and 68 nonzeros.
Reduced MIP has 10 binaries, 0 generals, 0 SOSs, and 0 indicators.
Presolve time = 0.00 sec. (0.04 ticks)
Probing fixed 0 vars, tightened 2 bounds.
Probing time = 0.00 sec. (0.01 ticks)
Cover probing fixed 0 vars, tightened 1 bounds.
Clique table members: 5.
MIP emphasis: balance optimality and feasibility.
MIP search method: dynamic search.
Parallel mode: none, using 1 thread.
Tried aggregator 1 time.
No LP presolve or aggregator reductions.
Presolve time = 0.00 sec. (0.01 ticks)
Initializing dual steep norms . . .

Iteration      Dual Objective            In Variable           Out Variable
     1             153.675000  x(san-diego.new-york)    x(san-diego.topeka)
     2             153.675000      sslack(san-diego)        sslack(seattle)
     3             153.675000        dslind(chicago)   xind(seattle.topeka)
     4             153.675000  xind(seattle.chicago)defximp(seattle.c slack
     5             153.675000xind(san-diego.new-yorkdefximp(san-diego slack
     6             153.675000   xind(seattle.topeka)        dslind(chicago)
     7             153.675000 xind(seattle.new-york)defximp(seattle.n slack
Root relaxation solution time = 0.00 sec. (0.03 ticks)

        Nodes                                         Cuts/
   Node  Left     Objective  IInf  Best Integer    Best Bound    ItCnt     Gap

*     0+    0                          157.2750      153.6750        7    2.29%
Found incumbent of value 157.275000 after 0.02 sec. (0.27 ticks)
      0     0      153.6750     2      157.2750      153.6750        7    2.29%
*     0+    0                          155.4750      153.6750        7    1.16%
Found incumbent of value 155.475000 after 0.02 sec. (0.29 ticks)
*     0     0      integral     0      153.6750      153.6750       14    0.00%
Elapsed time = 0.02 sec. (0.35 ticks, tree = 0.00 MB, solutions = 3)
Found incumbent of value 153.675000 after 0.02 sec. (0.35 ticks)

Root node processing (before b&c):
  Real time             =    0.02 sec. (0.35 ticks)
Sequential b&c:
  Real time             =    0.00 sec. (0.00 ticks)
                          ------------
Total (root+branch&cut) =    0.02 sec. (0.35 ticks)
MIP status(101): integer optimal solution
Cplex Time: 0.02sec (det. 0.35 ticks)
Fixing integer variables, and solving final LP...
Tried aggregator 1 time.
LP Presolve eliminated 24 rows and 23 columns.
All rows and columns eliminated.
Presolve time = 0.02 sec. (0.01 ticks)
Fixed MIP status(1): optimal
Cplex Time: 0.02sec (det. 0.02 ticks)

Proven optimal solution.

MIP Solution:          153.675000    (14 iterations, 0 nodes)
Final Solve:           153.675000    (0 iterations)

Best possible:         153.675000
Absolute gap:            0.000000
Relative gap:            0.000000

--- Reading solution for model transport
--- Executing after solve: elapsed 0:00:00.433
--- allbases.gms(99) 4 Mb
--- Generating MIP model transport
--- allbases.gms(100) 4 Mb
--- LOOPS nb = b8
---   25 rows  23 columns  134 non-zeroes
---   11 discrete-columns
--- Executing CPLEX (Solvelink=5): elapsed 0:00:00.438

IBM ILOG CPLEX   24.2.3 r46072 Released May 22, 2014 WEI x86_64/MS Windows    
Cplex 12.6.0.0

Reading data...
Starting Cplex...
Space for names approximately 0.00 Mb
Use option 'names no' to turn use of names off
Tried aggregator 2 times.
MIP Presolve eliminated 1 rows and 1 columns.
MIP Presolve modified 147 coefficients.
Aggregator did 3 substitutions.
Reduced MIP has 21 rows, 19 columns, and 82 nonzeros.
Reduced MIP has 11 binaries, 0 generals, 0 SOSs, and 0 indicators.
Presolve time = 0.00 sec. (0.10 ticks)
Found incumbent of value 157.275000 after 0.00 sec. (0.16 ticks)
Probing time = 0.00 sec. (0.01 ticks)
Cover probing fixed 0 vars, tightened 9 bounds.
Tried aggregator 1 time.
MIP Presolve eliminated 1 rows and 1 columns.
MIP Presolve modified 6 coefficients.
Reduced MIP has 20 rows, 18 columns, and 72 nonzeros.
Reduced MIP has 10 binaries, 0 generals, 0 SOSs, and 0 indicators.
Presolve time = 0.00 sec. (0.04 ticks)
Probing fixed 0 vars, tightened 1 bounds.
Probing time = 0.00 sec. (0.01 ticks)
Cover probing fixed 0 vars, tightened 2 bounds.
Clique table members: 5.
MIP emphasis: balance optimality and feasibility.
MIP search method: dynamic search.
Parallel mode: none, using 1 thread.
Tried aggregator 1 time.
No LP presolve or aggregator reductions.
Presolve time = 0.00 sec. (0.01 ticks)
Initializing dual steep norms . . .

Iteration      Dual Objective            In Variable           Out Variable
     1             153.675000  x(san-diego.new-york)    x(san-diego.topeka)
     2             153.675000      sslack(san-diego)        sslack(seattle)
     3             153.675000        dslind(chicago)   xind(seattle.topeka)
     4             153.675000  xind(seattle.chicago)defximp(seattle.c slack
     5             153.675000xind(san-diego.new-yorkdefximp(san-diego slack
     6             153.675000   xind(seattle.topeka)        dslind(chicago)
     7             153.675000 xind(seattle.new-york)defximp(seattle.n slack
Root relaxation solution time = 0.00 sec. (0.03 ticks)

        Nodes                                         Cuts/
   Node  Left     Objective  IInf  Best Integer    Best Bound    ItCnt     Gap

*     0+    0                          157.2750      153.6750        7    2.29%
Found incumbent of value 157.275000 after 0.02 sec. (0.28 ticks)
      0     0      153.6750     2      157.2750      153.6750        7    2.29%
*     0+    0                          155.4750      153.6750        7    1.16%
Found incumbent of value 155.475000 after 0.02 sec. (0.31 ticks)
*     0     0      integral     0      153.6750      153.6750       15    0.00%
Elapsed time = 0.02 sec. (0.38 ticks, tree = 0.00 MB, solutions = 3)
Found incumbent of value 153.675000 after 0.02 sec. (0.38 ticks)

Root node processing (before b&c):
  Real time             =    0.02 sec. (0.38 ticks)
Sequential b&c:
  Real time             =    0.00 sec. (0.00 ticks)
                          ------------
Total (root+branch&cut) =    0.02 sec. (0.38 ticks)
MIP status(101): integer optimal solution
Cplex Time: 0.02sec (det. 0.38 ticks)
Fixing integer variables, and solving final LP...
Tried aggregator 1 time.
LP Presolve eliminated 25 rows and 23 columns.
All rows and columns eliminated.
Presolve time = 0.00 sec. (0.01 ticks)
Fixed MIP status(1): optimal
Cplex Time: 0.00sec (det. 0.02 ticks)

Proven optimal solution.

MIP Solution:          153.675000    (15 iterations, 0 nodes)
Final Solve:           153.675000    (0 iterations)

Best possible:         153.675000
Absolute gap:            0.000000
Relative gap:            0.000000

--- Reading solution for model transport
--- Executing after solve: elapsed 0:00:00.479
--- allbases.gms(99) 4 Mb
--- Generating MIP model transport
--- allbases.gms(100) 4 Mb
--- LOOPS nb = b9
---   26 rows  23 columns  145 non-zeroes
---   11 discrete-columns
--- Executing CPLEX (Solvelink=5): elapsed 0:00:00.483

IBM ILOG CPLEX   24.2.3 r46072 Released May 22, 2014 WEI x86_64/MS Windows    
Cplex 12.6.0.0

Reading data...
Starting Cplex...
Space for names approximately 0.00 Mb
Use option 'names no' to turn use of names off
Tried aggregator 2 times.
MIP Presolve eliminated 1 rows and 1 columns.
MIP Presolve modified 168 coefficients.
Aggregator did 3 substitutions.
Reduced MIP has 22 rows, 19 columns, and 87 nonzeros.
Reduced MIP has 11 binaries, 0 generals, 0 SOSs, and 0 indicators.
Presolve time = 0.00 sec. (0.11 ticks)
Found incumbent of value 161.775000 after 0.00 sec. (0.17 ticks)
Probing time = 0.00 sec. (0.01 ticks)
Cover probing fixed 0 vars, tightened 9 bounds.
Tried aggregator 1 time.
MIP Presolve eliminated 1 rows and 1 columns.
MIP Presolve modified 6 coefficients.
Reduced MIP has 21 rows, 18 columns, and 76 nonzeros.
Reduced MIP has 10 binaries, 0 generals, 0 SOSs, and 0 indicators.
Presolve time = 0.00 sec. (0.04 ticks)
Probing fixed 0 vars, tightened 1 bounds.
Probing time = 0.00 sec. (0.01 ticks)
Cover probing fixed 0 vars, tightened 2 bounds.
Clique table members: 5.
MIP emphasis: balance optimality and feasibility.
MIP search method: dynamic search.
Parallel mode: none, using 1 thread.
Tried aggregator 1 time.
No LP presolve or aggregator reductions.
Presolve time = 0.00 sec. (0.01 ticks)
Initializing dual steep norms . . .

Iteration log . . .
Iteration:     1   Dual objective     =           153.675000
Root relaxation solution time = 0.00 sec. (0.03 ticks)

        Nodes                                         Cuts/
   Node  Left     Objective  IInf  Best Integer    Best Bound    ItCnt     Gap

*     0+    0                          161.7750      153.6750        9    5.01%
Found incumbent of value 161.775000 after 0.00 sec. (0.30 ticks)
      0     0      153.6750     4      161.7750      153.6750        9    5.01%
      0     0      153.6750     4      161.7750      Cuts: 11       14    5.01%
      0     0      153.8289    10      161.7750       Cuts: 8       26    4.91%
      0     0      154.5750     6      161.7750       Cuts: 6       36    4.45%
      0     0      154.5750     6      161.7750       Cuts: 6       38    4.45%
*     0+    0                          155.4750      154.5750       38    0.58%
Found incumbent of value 155.475000 after 0.02 sec. (0.79 ticks)
      0     0        cutoff            155.4750      154.5750       39    0.58%
Elapsed time = 0.02 sec. (1.00 ticks, tree = 0.00 MB, solutions = 2)

Flow cuts applied:  1
Mixed integer rounding cuts applied:  3
Zero-half cuts applied:  1
Gomory fractional cuts applied:  1

Root node processing (before b&c):
  Real time             =    0.02 sec. (1.00 ticks)
Sequential b&c:
  Real time             =    0.00 sec. (0.00 ticks)
                          ------------
Total (root+branch&cut) =    0.02 sec. (1.00 ticks)
MIP status(101): integer optimal solution
Cplex Time: 0.02sec (det. 1.00 ticks)
Fixing integer variables, and solving final LP...
Tried aggregator 1 time.
LP Presolve eliminated 26 rows and 23 columns.
All rows and columns eliminated.
Presolve time = 0.00 sec. (0.01 ticks)
Fixed MIP status(1): optimal
Cplex Time: 0.00sec (det. 0.02 ticks)

Proven optimal solution.

MIP Solution:          155.475000    (39 iterations, 0 nodes)
Final Solve:           155.475000    (0 iterations)

Best possible:         155.475000
Absolute gap:            0.000000
Relative gap:            0.000000

--- Reading solution for model transport
--- Executing after solve: elapsed 0:00:00.526
--- allbases.gms(99) 4 Mb
--- Generating MIP model transport
--- allbases.gms(100) 4 Mb
--- LOOPS nb = b10
---   27 rows  23 columns  156 non-zeroes
---   11 discrete-columns
--- Executing CPLEX (Solvelink=5): elapsed 0:00:00.528

IBM ILOG CPLEX   24.2.3 r46072 Released May 22, 2014 WEI x86_64/MS Windows    
Cplex 12.6.0.0

Reading data...
Starting Cplex...
Space for names approximately 0.00 Mb
Use option 'names no' to turn use of names off
Tried aggregator 2 times.
MIP Presolve eliminated 1 rows and 1 columns.
MIP Presolve modified 189 coefficients.
Aggregator did 3 substitutions.
Reduced MIP has 23 rows, 19 columns, and 92 nonzeros.
Reduced MIP has 11 binaries, 0 generals, 0 SOSs, and 0 indicators.
Presolve time = 0.00 sec. (0.12 ticks)
Found incumbent of value 161.775000 after 0.00 sec. (0.18 ticks)
Probing time = 0.00 sec. (0.01 ticks)
Cover probing fixed 0 vars, tightened 10 bounds.
Tried aggregator 1 time.
MIP Presolve eliminated 1 rows and 1 columns.
MIP Presolve modified 6 coefficients.
Reduced MIP has 22 rows, 18 columns, and 80 nonzeros.
Reduced MIP has 10 binaries, 0 generals, 0 SOSs, and 0 indicators.
Presolve time = 0.00 sec. (0.04 ticks)
Probing fixed 0 vars, tightened 1 bounds.
Probing time = 0.00 sec. (0.01 ticks)
Cover probing fixed 0 vars, tightened 2 bounds.
Clique table members: 5.
MIP emphasis: balance optimality and feasibility.
MIP search method: dynamic search.
Parallel mode: none, using 1 thread.
Tried aggregator 1 time.
No LP presolve or aggregator reductions.
Presolve time = 0.00 sec. (0.01 ticks)
Initializing dual steep norms . . .

Iteration log . . .
Iteration:     1   Dual objective     =           153.675000
Root relaxation solution time = 0.00 sec. (0.03 ticks)

        Nodes                                         Cuts/
   Node  Left     Objective  IInf  Best Integer    Best Bound    ItCnt     Gap

*     0+    0                          161.7750      153.6750        9    5.01%
Found incumbent of value 161.775000 after 0.00 sec. (0.32 ticks)
      0     0      153.6750     4      161.7750      153.6750        9    5.01%
      0     0      153.6750     4      161.7750       Cuts: 9       14    5.01%
      0     0      153.6750     4      161.7750       Cuts: 7       19    5.01%
      0     2      153.6750     4      161.7750      153.6750       19    5.01%
Elapsed time = 0.02 sec. (0.74 ticks, tree = 0.00 MB, solutions = 1)
*     5     2      integral     0      156.3750      155.0250       43    0.86%
Found incumbent of value 156.375000 after 0.02 sec. (0.84 ticks)
*     7     0      integral     0      156.1500      156.1500       46    0.00%
Found incumbent of value 156.150000 after 0.02 sec. (0.87 ticks)

Implied bound cuts applied:  1
Flow cuts applied:  4
Mixed integer rounding cuts applied:  1
Lift and project cuts applied:  1
Gomory fractional cuts applied:  1

Root node processing (before b&c):
  Real time             =    0.02 sec. (0.74 ticks)
Sequential b&c:
  Real time             =    0.00 sec. (0.13 ticks)
                          ------------
Total (root+branch&cut) =    0.02 sec. (0.87 ticks)
MIP status(101): integer optimal solution
Cplex Time: 0.02sec (det. 0.87 ticks)
Fixing integer variables, and solving final LP...
Tried aggregator 1 time.
LP Presolve eliminated 27 rows and 23 columns.
All rows and columns eliminated.
Presolve time = 0.00 sec. (0.01 ticks)
Fixed MIP status(1): optimal
Cplex Time: 0.00sec (det. 0.02 ticks)

Proven optimal solution.

MIP Solution:          156.150000    (46 iterations, 8 nodes)
Final Solve:           156.150000    (0 iterations)

Best possible:         156.150000
Absolute gap:            0.000000
Relative gap:            0.000000

--- Reading solution for model transport
--- Executing after solve: elapsed 0:00:00.558
--- allbases.gms(99) 4 Mb
--- Generating MIP model transport
--- allbases.gms(100) 4 Mb
--- LOOPS nb = b11
---   28 rows  23 columns  167 non-zeroes
---   11 discrete-columns
--- Executing CPLEX (Solvelink=5): elapsed 0:00:00.561

IBM ILOG CPLEX   24.2.3 r46072 Released May 22, 2014 WEI x86_64/MS Windows    
Cplex 12.6.0.0

Reading data...
Starting Cplex...
Space for names approximately 0.00 Mb
Use option 'names no' to turn use of names off
Tried aggregator 2 times.
MIP Presolve eliminated 1 rows and 1 columns.
MIP Presolve modified 210 coefficients.
Aggregator did 3 substitutions.
Reduced MIP has 24 rows, 19 columns, and 97 nonzeros.
Reduced MIP has 11 binaries, 0 generals, 0 SOSs, and 0 indicators.
Presolve time = 0.00 sec. (0.13 ticks)
Found incumbent of value 161.775000 after 0.00 sec. (0.19 ticks)
Probing time = 0.00 sec. (0.01 ticks)
Cover probing fixed 0 vars, tightened 9 bounds.
Tried aggregator 1 time.
MIP Presolve eliminated 1 rows and 1 columns.
MIP Presolve modified 6 coefficients.
Reduced MIP has 23 rows, 18 columns, and 84 nonzeros.
Reduced MIP has 10 binaries, 0 generals, 0 SOSs, and 0 indicators.
Presolve time = 0.00 sec. (0.04 ticks)
Probing fixed 0 vars, tightened 1 bounds.
Probing time = 0.00 sec. (0.01 ticks)
Cover probing fixed 0 vars, tightened 2 bounds.
Clique table members: 6.
MIP emphasis: balance optimality and feasibility.
MIP search method: dynamic search.
Parallel mode: none, using 1 thread.
Tried aggregator 1 time.
No LP presolve or aggregator reductions.
Presolve time = 0.00 sec. (0.01 ticks)
Initializing dual steep norms . . .

Iteration log . . .
Iteration:     1   Dual objective     =           153.675000
Root relaxation solution time = 0.00 sec. (0.03 ticks)

        Nodes                                         Cuts/
   Node  Left     Objective  IInf  Best Integer    Best Bound    ItCnt     Gap

*     0+    0                          161.7750      153.6750        9    5.01%
Found incumbent of value 161.775000 after 0.00 sec. (0.34 ticks)
      0     0      153.6750     4      161.7750      153.6750        9    5.01%
      0     0      153.6750     4      161.7750      Cuts: 12       14    5.01%
      0     0      153.6750     4      161.7750       Cuts: 7       19    5.01%
      0     2      153.6750     4      161.7750      153.6750       19    5.01%
Elapsed time = 0.02 sec. (0.78 ticks, tree = 0.00 MB, solutions = 1)
*     5     1      integral     0      156.3750      155.0250       43    0.86%
Found incumbent of value 156.375000 after 0.02 sec. (0.88 ticks)

Clique cuts applied:  1
Cover cuts applied:  1
Implied bound cuts applied:  1
Flow cuts applied:  4
Mixed integer rounding cuts applied:  1
Lift and project cuts applied:  1
Gomory fractional cuts applied:  1

Root node processing (before b&c):
  Real time             =    0.02 sec. (0.77 ticks)
Sequential b&c:
  Real time             =    0.00 sec. (0.11 ticks)
                          ------------
Total (root+branch&cut) =    0.02 sec. (0.88 ticks)
MIP status(101): integer optimal solution
Cplex Time: 0.02sec (det. 0.89 ticks)
Fixing integer variables, and solving final LP...
Tried aggregator 1 time.
LP Presolve eliminated 28 rows and 23 columns.
All rows and columns eliminated.
Presolve time = 0.00 sec. (0.01 ticks)
Fixed MIP status(1): optimal
Cplex Time: 0.00sec (det. 0.02 ticks)

Proven optimal solution.

MIP Solution:          156.375000    (43 iterations, 7 nodes)
Final Solve:           156.375000    (0 iterations)

Best possible:         156.375000
Absolute gap:            0.000000
Relative gap:            0.000000

--- Reading solution for model transport
--- Executing after solve: elapsed 0:00:00.604
--- allbases.gms(99) 4 Mb
--- Generating MIP model transport
--- allbases.gms(100) 4 Mb
--- LOOPS nb = b12
---   29 rows  23 columns  178 non-zeroes
---   11 discrete-columns
--- Executing CPLEX (Solvelink=5): elapsed 0:00:00.607

IBM ILOG CPLEX   24.2.3 r46072 Released May 22, 2014 WEI x86_64/MS Windows    
Cplex 12.6.0.0

Reading data...
Starting Cplex...
Space for names approximately 0.00 Mb
Use option 'names no' to turn use of names off
Tried aggregator 2 times.
MIP Presolve eliminated 1 rows and 1 columns.
MIP Presolve modified 231 coefficients.
Aggregator did 3 substitutions.
Reduced MIP has 25 rows, 19 columns, and 102 nonzeros.
Reduced MIP has 11 binaries, 0 generals, 0 SOSs, and 0 indicators.
Presolve time = 0.00 sec. (0.13 ticks)
Found incumbent of value 161.775000 after 0.00 sec. (0.21 ticks)
Probing time = 0.00 sec. (0.01 ticks)
Cover probing fixed 0 vars, tightened 9 bounds.
Tried aggregator 1 time.
MIP Presolve eliminated 1 rows and 1 columns.
MIP Presolve modified 6 coefficients.
Reduced MIP has 24 rows, 18 columns, and 88 nonzeros.
Reduced MIP has 10 binaries, 0 generals, 0 SOSs, and 0 indicators.
Presolve time = 0.00 sec. (0.05 ticks)
Probing fixed 0 vars, tightened 2 bounds.
Probing time = 0.00 sec. (0.01 ticks)
Cover probing fixed 0 vars, tightened 1 bounds.
Clique table members: 6.
MIP emphasis: balance optimality and feasibility.
MIP search method: dynamic search.
Parallel mode: none, using 1 thread.
Tried aggregator 1 time.
No LP presolve or aggregator reductions.
Presolve time = 0.00 sec. (0.01 ticks)
Initializing dual steep norms . . .

Iteration log . . .
Iteration:     1   Dual objective     =           153.675000
Root relaxation solution time = 0.00 sec. (0.04 ticks)

        Nodes                                         Cuts/
   Node  Left     Objective  IInf  Best Integer    Best Bound    ItCnt     Gap

*     0+    0                          161.7750      153.6750        9    5.01%
Found incumbent of value 161.775000 after 0.00 sec. (0.35 ticks)
      0     0      153.6750     4      161.7750      153.6750        9    5.01%
      0     0      153.6750     4      161.7750      Cuts: 12       14    5.01%
      0     0      153.6750     4      161.7750       Cuts: 7       19    5.01%
      0     2      153.6750     4      161.7750      153.6750       19    5.01%
Elapsed time = 0.02 sec. (0.80 ticks, tree = 0.00 MB, solutions = 1)
*    10     0      integral     0      156.3750      156.3750       53    0.00%
                                                  Impl Bds: 1                  
Found incumbent of value 156.375000 after 0.02 sec. (1.00 ticks)

Clique cuts applied:  1
Cover cuts applied:  1
Implied bound cuts applied:  2
Flow cuts applied:  4
Mixed integer rounding cuts applied:  1
Lift and project cuts applied:  1
Gomory fractional cuts applied:  1

Root node processing (before b&c):
  Real time             =    0.00 sec. (0.80 ticks)
Sequential b&c:
  Real time             =    0.02 sec. (0.20 ticks)
                          ------------
Total (root+branch&cut) =    0.02 sec. (1.01 ticks)
MIP status(101): integer optimal solution
Cplex Time: 0.02sec (det. 1.01 ticks)
Fixing integer variables, and solving final LP...
Tried aggregator 1 time.
LP Presolve eliminated 29 rows and 23 columns.
All rows and columns eliminated.
Presolve time = 0.00 sec. (0.01 ticks)
Fixed MIP status(1): optimal
Cplex Time: 0.02sec (det. 0.03 ticks)

Proven optimal solution.

MIP Solution:          156.375000    (53 iterations, 11 nodes)
Final Solve:           156.375000    (0 iterations)

Best possible:         156.375000
Absolute gap:            0.000000
Relative gap:            0.000000

--- Reading solution for model transport
--- Executing after solve: elapsed 0:00:00.651
--- allbases.gms(99) 4 Mb
--- Generating MIP model transport
--- allbases.gms(100) 4 Mb
--- LOOPS nb = b13
---   30 rows  23 columns  189 non-zeroes
---   11 discrete-columns
--- Executing CPLEX (Solvelink=5): elapsed 0:00:00.656

IBM ILOG CPLEX   24.2.3 r46072 Released May 22, 2014 WEI x86_64/MS Windows    
Cplex 12.6.0.0

Reading data...
Starting Cplex...
Space for names approximately 0.00 Mb
Use option 'names no' to turn use of names off
Tried aggregator 2 times.
MIP Presolve eliminated 1 rows and 1 columns.
MIP Presolve modified 252 coefficients.
Aggregator did 3 substitutions.
Reduced MIP has 26 rows, 19 columns, and 107 nonzeros.
Reduced MIP has 11 binaries, 0 generals, 0 SOSs, and 0 indicators.
Presolve time = 0.00 sec. (0.14 ticks)
Found incumbent of value 161.775000 after 0.00 sec. (0.22 ticks)
Probing time = 0.00 sec. (0.02 ticks)
Cover probing fixed 0 vars, tightened 9 bounds.
Tried aggregator 1 time.
MIP Presolve eliminated 1 rows and 1 columns.
MIP Presolve modified 6 coefficients.
Reduced MIP has 25 rows, 18 columns, and 92 nonzeros.
Reduced MIP has 10 binaries, 0 generals, 0 SOSs, and 0 indicators.
Presolve time = 0.00 sec. (0.05 ticks)
Probing fixed 0 vars, tightened 2 bounds.
Probing time = 0.00 sec. (0.01 ticks)
Cover probing fixed 0 vars, tightened 1 bounds.
Clique table members: 7.
MIP emphasis: balance optimality and feasibility.
MIP search method: dynamic search.
Parallel mode: none, using 1 thread.
Tried aggregator 1 time.
No LP presolve or aggregator reductions.
Presolve time = 0.00 sec. (0.01 ticks)
Initializing dual steep norms . . .

Iteration log . . .
Iteration:     1   Dual objective     =           153.675000
Root relaxation solution time = 0.00 sec. (0.04 ticks)

        Nodes                                         Cuts/
   Node  Left     Objective  IInf  Best Integer    Best Bound    ItCnt     Gap

*     0+    0                          161.7750      153.6750        9    5.01%
Found incumbent of value 161.775000 after 0.00 sec. (0.37 ticks)
      0     0      153.6750     4      161.7750      153.6750        9    5.01%
      0     0      153.6750     4      161.7750      Cuts: 13       14    5.01%
      0     0      153.6750     4      161.7750       Cuts: 7       19    5.01%
      0     2      153.6750     4      161.7750      153.6750       19    5.01%
Elapsed time = 0.02 sec. (0.83 ticks, tree = 0.00 MB, solutions = 1)
*     9     0      integral     0      157.2750      157.2750       55    0.00%
                                                  Impl Bds: 1                  
Found incumbent of value 157.275000 after 0.02 sec. (1.04 ticks)

Clique cuts applied:  1
Cover cuts applied:  1
Implied bound cuts applied:  2
Flow cuts applied:  4
Mixed integer rounding cuts applied:  1
Lift and project cuts applied:  1
Gomory fractional cuts applied:  1

Root node processing (before b&c):
  Real time             =    0.00 sec. (0.83 ticks)
Sequential b&c:
  Real time             =    0.02 sec. (0.20 ticks)
                          ------------
Total (root+branch&cut) =    0.02 sec. (1.04 ticks)
MIP status(101): integer optimal solution
Cplex Time: 0.02sec (det. 1.04 ticks)
Fixing integer variables, and solving final LP...
Tried aggregator 1 time.
LP Presolve eliminated 30 rows and 23 columns.
All rows and columns eliminated.
Presolve time = 0.00 sec. (0.01 ticks)
Fixed MIP status(1): optimal
Cplex Time: 0.00sec (det. 0.03 ticks)

Proven optimal solution.

MIP Solution:          157.275000    (55 iterations, 10 nodes)
Final Solve:           157.275000    (0 iterations)

Best possible:         157.275000
Absolute gap:            0.000000
Relative gap:            0.000000

--- Reading solution for model transport
--- Executing after solve: elapsed 0:00:00.689
--- allbases.gms(99) 4 Mb
--- Generating MIP model transport
--- allbases.gms(100) 4 Mb
--- LOOPS nb = b14
---   31 rows  23 columns  200 non-zeroes
---   11 discrete-columns
--- Executing CPLEX (Solvelink=5): elapsed 0:00:00.692

IBM ILOG CPLEX   24.2.3 r46072 Released May 22, 2014 WEI x86_64/MS Windows    
Cplex 12.6.0.0

Reading data...
Starting Cplex...
Space for names approximately 0.00 Mb
Use option 'names no' to turn use of names off
Tried aggregator 2 times.
MIP Presolve eliminated 1 rows and 1 columns.
MIP Presolve modified 273 coefficients.
Aggregator did 3 substitutions.
Reduced MIP has 27 rows, 19 columns, and 112 nonzeros.
Reduced MIP has 11 binaries, 0 generals, 0 SOSs, and 0 indicators.
Presolve time = 0.00 sec. (0.15 ticks)
Found incumbent of value 161.775000 after 0.00 sec. (0.23 ticks)
Probing fixed 1 vars, tightened 0 bounds.
Probing time = 0.00 sec. (0.01 ticks)
Cover probing fixed 0 vars, tightened 9 bounds.
Tried aggregator 1 time.
MIP Presolve eliminated 5 rows and 2 columns.
MIP Presolve modified 6 coefficients.
Reduced MIP has 22 rows, 17 columns, and 71 nonzeros.
Reduced MIP has 9 binaries, 0 generals, 0 SOSs, and 0 indicators.
Presolve time = 0.00 sec. (0.05 ticks)
Probing fixed 1 vars, tightened 3 bounds.
Probing time = 0.00 sec. (0.01 ticks)
Cover probing fixed 0 vars, tightened 1 bounds.
Tried aggregator 1 time.
MIP Presolve eliminated 9 rows and 2 columns.
MIP Presolve modified 1 coefficients.
Reduced MIP has 13 rows, 15 columns, and 43 nonzeros.
Reduced MIP has 8 binaries, 0 generals, 0 SOSs, and 0 indicators.
Presolve time = 0.02 sec. (0.03 ticks)
Probing time = 0.00 sec. (0.00 ticks)
Clique table members: 2.
MIP emphasis: balance optimality and feasibility.
MIP search method: dynamic search.
Parallel mode: none, using 1 thread.
Tried aggregator 1 time.
No LP presolve or aggregator reductions.
Presolve time = 0.00 sec. (0.01 ticks)
Initializing dual steep norms . . .

Iteration log . . .
Iteration:     1   Dual objective     =           153.675000
Root relaxation solution time = 0.00 sec. (0.02 ticks)

        Nodes                                         Cuts/
   Node  Left     Objective  IInf  Best Integer    Best Bound    ItCnt     Gap

*     0+    0                          161.7750      153.6750        6    5.01%
Found incumbent of value 161.775000 after 0.02 sec. (0.40 ticks)
      0     0      153.6750     2      161.7750      153.6750        6    5.01%
      0     0      155.7750     5      161.7750       Cuts: 5       15    3.71%
      0     0      159.0750     4      161.7750       Cuts: 9       20    1.67%
      0     0      159.1566     6      161.7750   Flowcuts: 1       23    1.62%
      0     0      159.9750     6      161.7750       Cuts: 7       26    1.11%
*     0     0      integral     0      161.7750   Impl Bds: 1       28    0.00%
Found incumbent of value 161.775000 after 0.03 sec. (0.88 ticks)
      0     0        cutoff            161.7750      161.7750       28    0.00%
Elapsed time = 0.03 sec. (0.88 ticks, tree = 0.00 MB, solutions = 2)

Implied bound cuts applied:  2
Flow cuts applied:  6
Mixed integer rounding cuts applied:  1
Lift and project cuts applied:  1

Root node processing (before b&c):
  Real time             =    0.03 sec. (0.88 ticks)
Sequential b&c:
  Real time             =    0.00 sec. (0.00 ticks)
                          ------------
Total (root+branch&cut) =    0.03 sec. (0.88 ticks)
MIP status(101): integer optimal solution
Cplex Time: 0.03sec (det. 0.88 ticks)
Fixing integer variables, and solving final LP...
Tried aggregator 1 time.
LP Presolve eliminated 29 rows and 21 columns.
Aggregator did 2 substitutions.
All rows and columns eliminated.
Presolve time = 0.00 sec. (0.02 ticks)
Fixed MIP status(1): optimal
Cplex Time: 0.00sec (det. 0.03 ticks)

Proven optimal solution.

MIP Solution:          161.775000    (28 iterations, 0 nodes)
Final Solve:           161.774999    (0 iterations)

Best possible:         161.775000
Absolute gap:            0.000000
Relative gap:            0.000000

--- Reading solution for model transport
--- Executing after solve: elapsed 0:00:00.737
--- allbases.gms(99) 4 Mb
--- Generating MIP model transport
--- allbases.gms(100) 4 Mb
--- LOOPS nb = b15
---   32 rows  23 columns  211 non-zeroes
---   11 discrete-columns
--- Executing CPLEX (Solvelink=5): elapsed 0:00:00.742

IBM ILOG CPLEX   24.2.3 r46072 Released May 22, 2014 WEI x86_64/MS Windows    
Cplex 12.6.0.0

Reading data...
Starting Cplex...
Space for names approximately 0.00 Mb
Use option 'names no' to turn use of names off
Tried aggregator 2 times.
MIP Presolve eliminated 1 rows and 1 columns.
MIP Presolve modified 294 coefficients.
Aggregator did 3 substitutions.
Reduced MIP has 28 rows, 19 columns, and 117 nonzeros.
Reduced MIP has 11 binaries, 0 generals, 0 SOSs, and 0 indicators.
Presolve time = 0.00 sec. (0.16 ticks)
Found incumbent of value 164.925000 after 0.00 sec. (0.23 ticks)
Probing fixed 1 vars, tightened 0 bounds.
Probing time = 0.00 sec. (0.01 ticks)
Cover probing fixed 0 vars, tightened 7 bounds.
Tried aggregator 1 time.
MIP Presolve eliminated 4 rows and 1 columns.
MIP Presolve modified 5 coefficients.
Reduced MIP has 24 rows, 18 columns, and 88 nonzeros.
Reduced MIP has 10 binaries, 0 generals, 0 SOSs, and 0 indicators.
Presolve time = 0.00 sec. (0.06 ticks)
Probing time = 0.00 sec. (0.01 ticks)
Clique table members: 4.
MIP emphasis: balance optimality and feasibility.
MIP search method: dynamic search.
Parallel mode: none, using 1 thread.
Tried aggregator 1 time.
No LP presolve or aggregator reductions.
Presolve time = 0.00 sec. (0.01 ticks)
Initializing dual steep norms . . .

Iteration log . . .
Iteration:     1   Dual objective     =           153.675000
Root relaxation solution time = 0.00 sec. (0.04 ticks)

        Nodes                                         Cuts/
   Node  Left     Objective  IInf  Best Integer    Best Bound    ItCnt     Gap

*     0+    0                          164.9250      153.6750        9    6.82%
Found incumbent of value 164.925000 after 0.00 sec. (0.39 ticks)
      0     0      153.6750     3      164.9250      153.6750        9    6.82%
      0     0      153.6750     5      164.9250       Cuts: 6       16    6.82%
      0     0      153.6750     4      164.9250       Cuts: 6       21    6.82%
      0     2      153.6750     4      164.9250      153.6750       21    6.82%
Elapsed time = 0.02 sec. (0.81 ticks, tree = 0.00 MB, solutions = 1)

Implied bound cuts applied:  1
Flow cuts applied:  2
Zero-half cuts applied:  1
Gomory fractional cuts applied:  1

Root node processing (before b&c):
  Real time             =    0.02 sec. (0.80 ticks)
Sequential b&c:
  Real time             =    0.00 sec. (0.26 ticks)
                          ------------
Total (root+branch&cut) =    0.02 sec. (1.07 ticks)
MIP status(101): integer optimal solution
Cplex Time: 0.02sec (det. 1.07 ticks)
Fixing integer variables, and solving final LP...
Tried aggregator 1 time.
LP Presolve eliminated 32 rows and 23 columns.
All rows and columns eliminated.
Presolve time = 0.00 sec. (0.01 ticks)
Fixed MIP status(1): optimal
Cplex Time: 0.00sec (det. 0.03 ticks)

Proven optimal solution.

MIP Solution:          164.925000    (67 iterations, 17 nodes)
Final Solve:           164.925000    (0 iterations)

Best possible:         164.925000
Absolute gap:            0.000000
Relative gap:            0.000000

--- Reading solution for model transport
--- Executing after solve: elapsed 0:00:00.777
--- allbases.gms(99) 4 Mb
--- Generating MIP model transport
--- allbases.gms(100) 4 Mb
--- LOOPS nb = b16
---   33 rows  23 columns  222 non-zeroes
---   11 discrete-columns
--- Executing CPLEX (Solvelink=5): elapsed 0:00:00.781

IBM ILOG CPLEX   24.2.3 r46072 Released May 22, 2014 WEI x86_64/MS Windows    
Cplex 12.6.0.0

Reading data...
Starting Cplex...
Space for names approximately 0.00 Mb
Use option 'names no' to turn use of names off
Tried aggregator 2 times.
MIP Presolve eliminated 1 rows and 1 columns.
MIP Presolve modified 315 coefficients.
Aggregator did 3 substitutions.
Reduced MIP has 29 rows, 19 columns, and 122 nonzeros.
Reduced MIP has 11 binaries, 0 generals, 0 SOSs, and 0 indicators.
Presolve time = 0.00 sec. (0.17 ticks)
Found incumbent of value 173.700000 after 0.00 sec. (0.27 ticks)
Probing fixed 1 vars, tightened 0 bounds.
Probing time = 0.00 sec. (0.01 ticks)
Cover probing fixed 0 vars, tightened 7 bounds.
Tried aggregator 1 time.
MIP Presolve eliminated 4 rows and 1 columns.
MIP Presolve modified 5 coefficients.
Reduced MIP has 25 rows, 18 columns, and 92 nonzeros.
Reduced MIP has 10 binaries, 0 generals, 0 SOSs, and 0 indicators.
Presolve time = 0.00 sec. (0.06 ticks)
Probing time = 0.00 sec. (0.01 ticks)
Clique table members: 4.
MIP emphasis: balance optimality and feasibility.
MIP search method: dynamic search.
Parallel mode: none, using 1 thread.
Tried aggregator 1 time.
No LP presolve or aggregator reductions.
Presolve time = 0.00 sec. (0.01 ticks)
Initializing dual steep norms . . .

Iteration log . . .
Iteration:     1   Dual objective     =           153.675000
Root relaxation solution time = 0.00 sec. (0.04 ticks)

        Nodes                                         Cuts/
   Node  Left     Objective  IInf  Best Integer    Best Bound    ItCnt     Gap

*     0+    0                          173.7000      153.6750        9   11.53%
Found incumbent of value 173.700000 after 0.00 sec. (0.43 ticks)
      0     0      153.6750     3      173.7000      153.6750        9   11.53%
      0     0      153.6750     5      173.7000       Cuts: 6       16   11.53%
      0     0      153.6750     4      173.7000       Cuts: 6       21   11.53%
*     0+    0                          166.2750      153.6750       21    7.58%
Found incumbent of value 166.275000 after 0.00 sec. (0.75 ticks)
      0     2      153.6750     4      166.2750      153.6750       21    7.58%
Elapsed time = 0.02 sec. (0.90 ticks, tree = 0.00 MB, solutions = 2)
*     5     2      integral     0      166.0500      156.0000       54    6.05%
Found incumbent of value 166.050000 after 0.02 sec. (1.00 ticks)
*    18     0      integral     0      165.6000      165.6000       88    0.00%
                                                  Impl Bds: 2                  
Found incumbent of value 165.600000 after 0.02 sec. (1.32 ticks)

Implied bound cuts applied:  2
Flow cuts applied:  2
Zero-half cuts applied:  1
Gomory fractional cuts applied:  1

Root node processing (before b&c):
  Real time             =    0.02 sec. (0.89 ticks)
Sequential b&c:
  Real time             =    0.00 sec. (0.43 ticks)
                          ------------
Total (root+branch&cut) =    0.02 sec. (1.33 ticks)
MIP status(101): integer optimal solution
Cplex Time: 0.02sec (det. 1.33 ticks)
Fixing integer variables, and solving final LP...
Tried aggregator 1 time.
LP Presolve eliminated 33 rows and 23 columns.
All rows and columns eliminated.
Presolve time = 0.00 sec. (0.02 ticks)
Fixed MIP status(1): optimal
Cplex Time: 0.00sec (det. 0.03 ticks)

Proven optimal solution.

MIP Solution:          165.600000    (88 iterations, 19 nodes)
Final Solve:           165.600000    (0 iterations)

Best possible:         165.600000
Absolute gap:            0.000000
Relative gap:            0.000000

--- Reading solution for model transport
--- Executing after solve: elapsed 0:00:00.817
--- allbases.gms(99) 4 Mb
--- Generating MIP model transport
--- allbases.gms(100) 4 Mb
--- LOOPS nb = b17
---   34 rows  23 columns  233 non-zeroes
---   11 discrete-columns
--- Executing CPLEX (Solvelink=5): elapsed 0:00:00.820

IBM ILOG CPLEX   24.2.3 r46072 Released May 22, 2014 WEI x86_64/MS Windows    
Cplex 12.6.0.0

Reading data...
Starting Cplex...
Space for names approximately 0.00 Mb
Use option 'names no' to turn use of names off
Tried aggregator 2 times.
MIP Presolve eliminated 1 rows and 1 columns.
MIP Presolve modified 336 coefficients.
Aggregator did 3 substitutions.
Reduced MIP has 30 rows, 19 columns, and 127 nonzeros.
Reduced MIP has 11 binaries, 0 generals, 0 SOSs, and 0 indicators.
Presolve time = 0.00 sec. (0.18 ticks)
Found incumbent of value 173.700000 after 0.02 sec. (0.28 ticks)
Probing fixed 1 vars, tightened 0 bounds.
Probing time = 0.00 sec. (0.02 ticks)
Cover probing fixed 0 vars, tightened 7 bounds.
Tried aggregator 1 time.
MIP Presolve eliminated 4 rows and 1 columns.
MIP Presolve modified 5 coefficients.
Reduced MIP has 26 rows, 18 columns, and 96 nonzeros.
Reduced MIP has 10 binaries, 0 generals, 0 SOSs, and 0 indicators.
Presolve time = 0.00 sec. (0.07 ticks)
Probing time = 0.00 sec. (0.01 ticks)
Clique table members: 4.
MIP emphasis: balance optimality and feasibility.
MIP search method: dynamic search.
Parallel mode: none, using 1 thread.
Tried aggregator 1 time.
No LP presolve or aggregator reductions.
Presolve time = 0.00 sec. (0.01 ticks)
Initializing dual steep norms . . .

Iteration log . . .
Iteration:     1   Dual objective     =           153.675000
Root relaxation solution time = 0.00 sec. (0.04 ticks)

        Nodes                                         Cuts/
   Node  Left     Objective  IInf  Best Integer    Best Bound    ItCnt     Gap

*     0+    0                          173.7000      153.6750       10   11.53%
Found incumbent of value 173.700000 after 0.02 sec. (0.45 ticks)
      0     0      153.6750     4      173.7000      153.6750       10   11.53%
      0     0      153.6750     5      173.7000       Cuts: 7       16   11.53%
      0     0      153.9000     9      173.7000      Cuts: 10       27   11.40%
      0     0      155.0250     6      173.7000   ZeroHalf: 1       35   10.75%
      0     0      155.0250     6      173.7000       Cuts: 7       39   10.75%
      0     2      155.0250     6      173.7000      155.4750       39   10.49%
Elapsed time = 0.03 sec. (1.27 ticks, tree = 0.00 MB, solutions = 1)
*     3     3      integral     0      166.2750      156.6205       53    5.81%
Found incumbent of value 166.275000 after 0.03 sec. (1.34 ticks)
*    13     2      integral     0      166.0500      161.3250       77    2.85%
Found incumbent of value 166.050000 after 0.03 sec. (1.48 ticks)

Flow cuts applied:  3
Mixed integer rounding cuts applied:  2
Zero-half cuts applied:  1
Lift and project cuts applied:  1
Gomory fractional cuts applied:  1

Root node processing (before b&c):
  Real time             =    0.03 sec. (1.27 ticks)
Sequential b&c:
  Real time             =    0.00 sec. (0.28 ticks)
                          ------------
Total (root+branch&cut) =    0.03 sec. (1.55 ticks)
MIP status(101): integer optimal solution
Cplex Time: 0.03sec (det. 1.55 ticks)
Fixing integer variables, and solving final LP...
Tried aggregator 1 time.
LP Presolve eliminated 34 rows and 23 columns.
All rows and columns eliminated.
Presolve time = 0.00 sec. (0.02 ticks)
Fixed MIP status(1): optimal
Cplex Time: 0.00sec (det. 0.03 ticks)

Proven optimal solution.

MIP Solution:          166.050000    (83 iterations, 18 nodes)
Final Solve:           166.050000    (0 iterations)

Best possible:         166.050000
Absolute gap:            0.000000
Relative gap:            0.000000

--- Reading solution for model transport
--- Executing after solve: elapsed 0:00:00.861
--- allbases.gms(99) 4 Mb
--- Generating MIP model transport
--- allbases.gms(100) 4 Mb
--- LOOPS nb = b18
---   35 rows  23 columns  244 non-zeroes
---   11 discrete-columns
--- Executing CPLEX (Solvelink=5): elapsed 0:00:00.863

IBM ILOG CPLEX   24.2.3 r46072 Released May 22, 2014 WEI x86_64/MS Windows    
Cplex 12.6.0.0

Reading data...
Starting Cplex...
Space for names approximately 0.00 Mb
Use option 'names no' to turn use of names off
Tried aggregator 2 times.
MIP Presolve eliminated 1 rows and 1 columns.
MIP Presolve modified 357 coefficients.
Aggregator did 3 substitutions.
Reduced MIP has 31 rows, 19 columns, and 132 nonzeros.
Reduced MIP has 11 binaries, 0 generals, 0 SOSs, and 0 indicators.
Presolve time = 0.00 sec. (0.20 ticks)
Found incumbent of value 173.700000 after 0.00 sec. (0.30 ticks)
Probing fixed 1 vars, tightened 0 bounds.
Probing time = 0.00 sec. (0.02 ticks)
Cover probing fixed 0 vars, tightened 7 bounds.
Tried aggregator 1 time.
MIP Presolve eliminated 4 rows and 1 columns.
MIP Presolve modified 5 coefficients.
Reduced MIP has 27 rows, 18 columns, and 100 nonzeros.
Reduced MIP has 10 binaries, 0 generals, 0 SOSs, and 0 indicators.
Presolve time = 0.00 sec. (0.07 ticks)
Probing time = 0.00 sec. (0.01 ticks)
Clique table members: 4.
MIP emphasis: balance optimality and feasibility.
MIP search method: dynamic search.
Parallel mode: none, using 1 thread.
Tried aggregator 1 time.
No LP presolve or aggregator reductions.
Presolve time = 0.00 sec. (0.01 ticks)
Initializing dual steep norms . . .

Iteration log . . .
Iteration:     1   Dual objective     =           153.675000
Root relaxation solution time = 0.00 sec. (0.04 ticks)

        Nodes                                         Cuts/
   Node  Left     Objective  IInf  Best Integer    Best Bound    ItCnt     Gap

*     0+    0                          173.7000      153.6750       10   11.53%
Found incumbent of value 173.700000 after 0.02 sec. (0.47 ticks)
      0     0      153.6750     4      173.7000      153.6750       10   11.53%
      0     0      153.6750     5      173.7000       Cuts: 7       16   11.53%
      0     0      153.9000     9      173.7000      Cuts: 10       27   11.40%
      0     0      155.0250     6      173.7000   ZeroHalf: 1       35   10.75%
      0     0      155.0250     6      173.7000       Cuts: 7       39   10.75%
      0     2      155.0250     6      173.7000      155.4750       39   10.49%
Elapsed time = 0.02 sec. (1.31 ticks, tree = 0.00 MB, solutions = 1)
*     3     3      integral     0      166.2750      156.6205       53    5.81%
Found incumbent of value 166.275000 after 0.02 sec. (1.38 ticks)

Implied bound cuts applied:  1
Flow cuts applied:  3
Mixed integer rounding cuts applied:  2
Zero-half cuts applied:  1
Lift and project cuts applied:  1
Gomory fractional cuts applied:  1

Root node processing (before b&c):
  Real time             =    0.02 sec. (1.31 ticks)
Sequential b&c:
  Real time             =    0.00 sec. (0.30 ticks)
                          ------------
Total (root+branch&cut) =    0.02 sec. (1.61 ticks)
MIP status(101): integer optimal solution
Cplex Time: 0.02sec (det. 1.61 ticks)
Fixing integer variables, and solving final LP...
Tried aggregator 1 time.
LP Presolve eliminated 35 rows and 23 columns.
All rows and columns eliminated.
Presolve time = 0.00 sec. (0.02 ticks)
Fixed MIP status(1): optimal
Cplex Time: 0.00sec (det. 0.03 ticks)

Proven optimal solution.

MIP Solution:          166.275000    (80 iterations, 18 nodes)
Final Solve:           166.275000    (0 iterations)

Best possible:         166.275000
Absolute gap:            0.000000
Relative gap:            0.000000

--- Reading solution for model transport
--- Executing after solve: elapsed 0:00:00.905
--- allbases.gms(99) 4 Mb
--- Generating MIP model transport
--- allbases.gms(100) 4 Mb
--- LOOPS nb = b19
---   36 rows  23 columns  255 non-zeroes
---   11 discrete-columns
--- Executing CPLEX (Solvelink=5): elapsed 0:00:00.908

IBM ILOG CPLEX   24.2.3 r46072 Released May 22, 2014 WEI x86_64/MS Windows    
Cplex 12.6.0.0

Reading data...
Starting Cplex...
Space for names approximately 0.00 Mb
Use option 'names no' to turn use of names off
Tried aggregator 2 times.
MIP Presolve eliminated 1 rows and 1 columns.
MIP Presolve modified 378 coefficients.
Aggregator did 3 substitutions.
Reduced MIP has 32 rows, 19 columns, and 137 nonzeros.
Reduced MIP has 11 binaries, 0 generals, 0 SOSs, and 0 indicators.
Presolve time = 0.00 sec. (0.21 ticks)
Found incumbent of value 173.700000 after 0.00 sec. (0.31 ticks)
Probing fixed 1 vars, tightened 0 bounds.
Probing time = 0.00 sec. (0.02 ticks)
Cover probing fixed 0 vars, tightened 7 bounds.
Tried aggregator 1 time.
MIP Presolve eliminated 4 rows and 1 columns.
MIP Presolve modified 5 coefficients.
Reduced MIP has 28 rows, 18 columns, and 104 nonzeros.
Reduced MIP has 10 binaries, 0 generals, 0 SOSs, and 0 indicators.
Presolve time = 0.00 sec. (0.07 ticks)
Probing time = 0.00 sec. (0.01 ticks)
Clique table members: 4.
MIP emphasis: balance optimality and feasibility.
MIP search method: dynamic search.
Parallel mode: none, using 1 thread.
Tried aggregator 1 time.
No LP presolve or aggregator reductions.
Presolve time = 0.00 sec. (0.01 ticks)
Initializing dual steep norms . . .

Iteration log . . .
Iteration:     1   Dual objective     =           153.675000
Root relaxation solution time = 0.00 sec. (0.04 ticks)

        Nodes                                         Cuts/
   Node  Left     Objective  IInf  Best Integer    Best Bound    ItCnt     Gap

*     0+    0                          173.7000      153.6750       10   11.53%
Found incumbent of value 173.700000 after 0.02 sec. (0.49 ticks)
      0     0      153.6750     4      173.7000      153.6750       10   11.53%
      0     0      153.6750     5      173.7000       Cuts: 7       16   11.53%
      0     0      153.9000     9      173.7000      Cuts: 10       27   11.40%
      0     0      155.0250     6      173.7000   ZeroHalf: 1       35   10.75%
      0     0      155.0250     6      173.7000       Cuts: 7       39   10.75%
      0     2      155.0250     6      173.7000      155.4750       39   10.49%
Elapsed time = 0.02 sec. (1.34 ticks, tree = 0.00 MB, solutions = 1)
*     3     3      integral     0      166.2750      156.6205       55    5.81%
Found incumbent of value 166.275000 after 0.02 sec. (1.42 ticks)

Flow cuts applied:  3
Mixed integer rounding cuts applied:  2
Zero-half cuts applied:  1
Lift and project cuts applied:  1
Gomory fractional cuts applied:  1

Root node processing (before b&c):
  Real time             =    0.02 sec. (1.34 ticks)
Sequential b&c:
  Real time             =    0.00 sec. (0.26 ticks)
                          ------------
Total (root+branch&cut) =    0.02 sec. (1.60 ticks)
MIP status(101): integer optimal solution
Cplex Time: 0.02sec (det. 1.60 ticks)
Fixing integer variables, and solving final LP...
Tried aggregator 1 time.
LP Presolve eliminated 36 rows and 23 columns.
All rows and columns eliminated.
Presolve time = 0.00 sec. (0.02 ticks)
Fixed MIP status(1): optimal
Cplex Time: 0.00sec (det. 0.03 ticks)

Proven optimal solution.

MIP Solution:          166.275000    (77 iterations, 18 nodes)
Final Solve:           166.275000    (0 iterations)

Best possible:         166.275000
Absolute gap:            0.000000
Relative gap:            0.000000

--- Reading solution for model transport
--- Executing after solve: elapsed 0:00:00.946
--- allbases.gms(99) 4 Mb
--- Generating MIP model transport
--- allbases.gms(100) 4 Mb
--- LOOPS nb = b20
---   37 rows  23 columns  266 non-zeroes
---   11 discrete-columns
--- Executing CPLEX (Solvelink=5): elapsed 0:00:00.950

IBM ILOG CPLEX   24.2.3 r46072 Released May 22, 2014 WEI x86_64/MS Windows    
Cplex 12.6.0.0

Reading data...
Starting Cplex...
Space for names approximately 0.00 Mb
Use option 'names no' to turn use of names off
Tried aggregator 2 times.
MIP Presolve eliminated 1 rows and 1 columns.
MIP Presolve modified 399 coefficients.
Aggregator did 3 substitutions.
Reduced MIP has 33 rows, 19 columns, and 142 nonzeros.
Reduced MIP has 11 binaries, 0 generals, 0 SOSs, and 0 indicators.
Presolve time = 0.00 sec. (0.22 ticks)
Found incumbent of value 173.700000 after 0.00 sec. (0.32 ticks)
Probing fixed 1 vars, tightened 0 bounds.
Probing time = 0.00 sec. (0.02 ticks)
Cover probing fixed 0 vars, tightened 7 bounds.
Tried aggregator 1 time.
MIP Presolve eliminated 4 rows and 1 columns.
MIP Presolve modified 5 coefficients.
Reduced MIP has 29 rows, 18 columns, and 108 nonzeros.
Reduced MIP has 10 binaries, 0 generals, 0 SOSs, and 0 indicators.
Presolve time = 0.00 sec. (0.07 ticks)
Probing time = 0.00 sec. (0.01 ticks)
Clique table members: 4.
MIP emphasis: balance optimality and feasibility.
MIP search method: dynamic search.
Parallel mode: none, using 1 thread.
Tried aggregator 1 time.
No LP presolve or aggregator reductions.
Presolve time = 0.00 sec. (0.01 ticks)
Initializing dual steep norms . . .

Iteration log . . .
Iteration:     1   Dual objective     =           153.675000
Root relaxation solution time = 0.00 sec. (0.04 ticks)

        Nodes                                         Cuts/
   Node  Left     Objective  IInf  Best Integer    Best Bound    ItCnt     Gap

*     0+    0                          173.7000      153.6750       10   11.53%
Found incumbent of value 173.700000 after 0.00 sec. (0.51 ticks)
      0     0      153.6750     4      173.7000      153.6750       10   11.53%
      0     0      153.6750     5      173.7000       Cuts: 7       16   11.53%
      0     0      153.9000     9      173.7000      Cuts: 10       27   11.40%
      0     0      155.0250     6      173.7000   ZeroHalf: 1       35   10.75%
      0     0      155.0250     6      173.7000       Cuts: 7       39   10.75%
      0     2      155.0250     6      173.7000      155.4750       39   10.49%
Elapsed time = 0.02 sec. (1.38 ticks, tree = 0.00 MB, solutions = 1)

Flow cuts applied:  3
Mixed integer rounding cuts applied:  2
Zero-half cuts applied:  1
Lift and project cuts applied:  1
Gomory fractional cuts applied:  1

Root node processing (before b&c):
  Real time             =    0.02 sec. (1.38 ticks)
Sequential b&c:
  Real time             =    0.00 sec. (0.30 ticks)
                          ------------
Total (root+branch&cut) =    0.02 sec. (1.67 ticks)
MIP status(101): integer optimal solution
Cplex Time: 0.02sec (det. 1.67 ticks)
Fixing integer variables, and solving final LP...
Tried aggregator 1 time.
LP Presolve eliminated 37 rows and 23 columns.
All rows and columns eliminated.
Presolve time = 0.00 sec. (0.02 ticks)
Fixed MIP status(1): optimal
Cplex Time: 0.00sec (det. 0.03 ticks)

Proven optimal solution.

MIP Solution:          173.700000    (79 iterations, 20 nodes)
Final Solve:           173.700000    (0 iterations)

Best possible:         173.700000
Absolute gap:            0.000000
Relative gap:            0.000000

--- Reading solution for model transport
--- Executing after solve: elapsed 0:00:00.998
--- allbases.gms(99) 4 Mb
--- Generating MIP model transport
--- allbases.gms(100) 4 Mb
--- LOOPS nb = b21
---   38 rows  23 columns  277 non-zeroes
---   11 discrete-columns
--- Executing CPLEX (Solvelink=5): elapsed 0:00:01.005

IBM ILOG CPLEX   24.2.3 r46072 Released May 22, 2014 WEI x86_64/MS Windows    
Cplex 12.6.0.0

Reading data...
Starting Cplex...
Space for names approximately 0.00 Mb
Use option 'names no' to turn use of names off
Tried aggregator 2 times.
MIP Presolve eliminated 1 rows and 1 columns.
MIP Presolve modified 420 coefficients.
Aggregator did 3 substitutions.
Reduced MIP has 34 rows, 19 columns, and 147 nonzeros.
Reduced MIP has 11 binaries, 0 generals, 0 SOSs, and 0 indicators.
Presolve time = 0.00 sec. (0.23 ticks)
Probing fixed 1 vars, tightened 0 bounds.
Probing time = 0.00 sec. (0.02 ticks)
Cover probing fixed 0 vars, tightened 4 bounds.
Tried aggregator 1 time.
MIP Presolve eliminated 4 rows and 1 columns.
MIP Presolve modified 4 coefficients.
Reduced MIP has 30 rows, 18 columns, and 112 nonzeros.
Reduced MIP has 10 binaries, 0 generals, 0 SOSs, and 0 indicators.
Presolve time = 0.00 sec. (0.08 ticks)
Probing time = 0.00 sec. (0.01 ticks)
Clique table members: 4.
MIP emphasis: balance optimality and feasibility.
MIP search method: dynamic search.
Parallel mode: none, using 1 thread.
Tried aggregator 1 time.
No LP presolve or aggregator reductions.
Presolve time = 0.00 sec. (0.01 ticks)
Initializing dual steep norms . . .

Iteration log . . .
Iteration:     1   Dual objective     =           153.675000
Root relaxation solution time = 0.00 sec. (0.04 ticks)

        Nodes                                         Cuts/
   Node  Left     Objective  IInf  Best Integer    Best Bound    ItCnt     Gap

      0     0      153.6750     3                    153.6750        9         
      0     0      153.6750     5                     Cuts: 6       16         
      0     0      153.6750     4                     Cuts: 6       21         
*     0+    0                          177.5250      153.6750       21   13.43%
Found incumbent of value 177.525000 after 0.00 sec. (1.03 ticks)
      0     2      153.6750     4      177.5250      153.6750       21   13.43%
Elapsed time = 0.02 sec. (1.13 ticks, tree = 0.00 MB, solutions = 1)

Implied bound cuts applied:  3
Flow cuts applied:  2
Zero-half cuts applied:  1
Gomory fractional cuts applied:  1

Root node processing (before b&c):
  Real time             =    0.02 sec. (1.13 ticks)
Sequential b&c:
  Real time             =    0.00 sec. (0.50 ticks)
                          ------------
Total (root+branch&cut) =    0.02 sec. (1.63 ticks)
MIP status(101): integer optimal solution
Cplex Time: 0.02sec (det. 1.63 ticks)
Fixing integer variables, and solving final LP...
Tried aggregator 1 time.
LP Presolve eliminated 38 rows and 23 columns.
All rows and columns eliminated.
Presolve time = 0.00 sec. (0.02 ticks)
Fixed MIP status(1): optimal
Cplex Time: 0.00sec (det. 0.03 ticks)

Proven optimal solution.

MIP Solution:          177.525000    (84 iterations, 19 nodes)
Final Solve:           177.525000    (0 iterations)

Best possible:         177.525000
Absolute gap:            0.000000
Relative gap:            0.000000

--- Reading solution for model transport
--- Executing after solve: elapsed 0:00:01.048
--- allbases.gms(99) 4 Mb
--- Generating MIP model transport
--- allbases.gms(100) 4 Mb
--- LOOPS nb = b22
---   39 rows  23 columns  288 non-zeroes
---   11 discrete-columns
--- Executing CPLEX (Solvelink=5): elapsed 0:00:01.052

IBM ILOG CPLEX   24.2.3 r46072 Released May 22, 2014 WEI x86_64/MS Windows    
Cplex 12.6.0.0

Reading data...
Starting Cplex...
Space for names approximately 0.00 Mb
Use option 'names no' to turn use of names off
Tried aggregator 2 times.
MIP Presolve eliminated 1 rows and 1 columns.
MIP Presolve modified 441 coefficients.
Aggregator did 3 substitutions.
Reduced MIP has 35 rows, 19 columns, and 152 nonzeros.
Reduced MIP has 11 binaries, 0 generals, 0 SOSs, and 0 indicators.
Presolve time = 0.02 sec. (0.24 ticks)
Probing fixed 1 vars, tightened 0 bounds.
Probing time = 0.00 sec. (0.02 ticks)
Cover probing fixed 0 vars, tightened 4 bounds.
Tried aggregator 1 time.
MIP Presolve eliminated 4 rows and 1 columns.
MIP Presolve modified 4 coefficients.
Reduced MIP has 31 rows, 18 columns, and 116 nonzeros.
Reduced MIP has 10 binaries, 0 generals, 0 SOSs, and 0 indicators.
Presolve time = 0.00 sec. (0.08 ticks)
Probing time = 0.00 sec. (0.01 ticks)
Clique table members: 4.
MIP emphasis: balance optimality and feasibility.
MIP search method: dynamic search.
Parallel mode: none, using 1 thread.
Tried aggregator 1 time.
No LP presolve or aggregator reductions.
Presolve time = 0.00 sec. (0.01 ticks)
Initializing dual steep norms . . .

Iteration log . . .
Iteration:     1   Dual objective     =           153.675000
Root relaxation solution time = 0.00 sec. (0.04 ticks)

        Nodes                                         Cuts/
   Node  Left     Objective  IInf  Best Integer    Best Bound    ItCnt     Gap

      0     0      153.6750     3                    153.6750        9         
      0     0      153.6750     5                     Cuts: 6       16         
      0     0      153.6750     4                     Cuts: 6       21         
      0     2      153.6750     4                    153.6750       21         
Elapsed time = 0.02 sec. (1.78 ticks, tree = 0.00 MB, solutions = 0)

Implied bound cuts applied:  3
Flow cuts applied:  2
Zero-half cuts applied:  1
Gomory fractional cuts applied:  1

Root node processing (before b&c):
  Real time             =    0.02 sec. (1.78 ticks)
Sequential b&c:
  Real time             =    0.00 sec. (0.47 ticks)
                          ------------
Total (root+branch&cut) =    0.02 sec. (2.25 ticks)
MIP status(119): integer infeasible or unbounded
Cplex Time: 0.02sec (det. 2.25 ticks)
CPLEX Error  1217: No solution exists.
Problem is integer infeasible.
--- Reading solution for model transport
--- Executing after solve: elapsed 0:00:01.079
--- allbases.gms(114) 4 Mb
*** Status: Normal completion
--- Job allbases.gms Stop 02/17/22 11:09:04 elapsed 0:00:01.079
