
--- Job Ex2-1Dual-Test.gms Start 10/16/24 12:34:07 47.6.0 c2de9d6d WEX-WEI x86 64bit/MS Windows
--- Applying:
    C:\GAMS\win64\47\gmsprmNT.txt
--- GAMS Parameters defined
    Input C:\Users\david\Box\_Rosenberg2024\Classes\CEE6410\Fall2024\CEE6410-Rosenberg-GitHub\CEE-6410-Rosenberg\Lectures\Ex2-1Dual-Test.gms
    PageSize 0
    ScrDir C:\Users\david\Box\_Rosenberg2024\Classes\CEE6410\Fall2024\CEE6410-Rosenberg-GitHub\CEE-6410-Rosenberg\Lectures\225a\
    SysDir C:\GAMS\win64\47\
    LogOption 3
    ErrMsg 1
    ErrorLog 99
    IDE 1
    LstTitleLeftAligned 1
Licensee: CEE 6410 Water Resources Systems Analysis      G240923|0002AO-GEN
          Utah State University, Utah Water Research Laboratory     DCE3763
          C:\Users\david\Documents\GAMS\gamslice.txt
          License Admin: David Rosenberg, david.rosenberg@usu.edu          
          Other time limited license
          The evaluation period of the license will expire on Dec 22, 2024
Processor information: 1 socket(s), 4 core(s), and 8 thread(s) available
GAMS 47.6.0   Copyright (C) 1987-2024 GAMS Development. All rights reserved
--- Starting compilation
--- Ex2-1Dual-Test.gms(69) 3 Mb 1 Error
*** Error 140 in C:\Users\david\Box\_Rosenberg2024\Classes\CEE6410\Fall2024\CEE6410-Rosenberg-GitHub\CEE-6410-Rosenberg\Lectures\Ex2-1Dual-Test.gms
    Unknown symbol
--- Ex2-1Dual-Test.gms(83) 3 Mb 2 Errors
*** Error 257 in C:\Users\david\Box\_Rosenberg2024\Classes\CEE6410\Fall2024\CEE6410-Rosenberg-GitHub\CEE-6410-Rosenberg\Lectures\Ex2-1Dual-Test.gms
    Solve statement not checked because of previous errors
--- Ex2-1Dual-Test.gms(87) 3 Mb 3 Errors
*** Error 257 in C:\Users\david\Box\_Rosenberg2024\Classes\CEE6410\Fall2024\CEE6410-Rosenberg-GitHub\CEE-6410-Rosenberg\Lectures\Ex2-1Dual-Test.gms
    Solve statement not checked because of previous errors
--- Ex2-1Dual-Test.gms(97) 3 Mb 3 Errors
*** Status: Compilation error(s)
--- Job Ex2-1Dual-Test.gms Stop 10/16/24 12:34:07 elapsed 0:00:00.071
