
--- Job ExChevyFunction.gms Start 10/04/20 23:13:16 24.2.3 r46072 WEX-WEI x86_64/MS Windows
GAMS 24.2.3   Copyright (C) 1987-2014 GAMS Development. All rights reserved
Licensee: Utah Water Research Laboratory (5 user)        G140130:1517AV-GEN
          Utah State University                                      DC7087
          License for teaching and research at degree granting institutions
--- Starting compilation
--- ExChevyFunction.gms(62) 3 Mb
--- Starting execution: elapsed 0:00:00.002
--- ExChevyFunction.gms(57) 4 Mb
--- Generating NLP model ChevyModel
--- ExChevyFunction.gms(60) 6 Mb
---   1 rows  3 columns  3 non-zeroes
---   48 nl-code  2 nl-non-zeroes
--- ExChevyFunction.gms(60) 4 Mb
--- Executing CONOPT: elapsed 0:00:00.021
CONOPT 3         24.2.3 r46072 Released May 22, 2014 WEI x86_64/MS Windows    
 
 
    C O N O P T 3   version 3.15P
    Copyright (C)   ARKI Consulting and Development A/S
                    Bagsvaerdvej 246 A
                    DK-2880 Bagsvaerd, Denmark
 
 
   Iter Phase Ninf   Infeasibility   RGmax    NSB   Step InItr MX OK
      0   0        2.4337891159E+00 (Input point)
                                Pre-triangular equations:        0
                                Post-triangular equations:       1
      1   0        0.0000000000E+00 (After pre-processing)
      2   0        0.0000000000E+00 (After scaling)
 
 ** Feasible solution. Value of objective =    2.43378911593
 
   Iter Phase Ninf     Objective     RGmax    NSB   Step InItr MX OK
     11   4        8.1061434261E+00 4.2E-14     2
 
 ** Optimal solution. Reduced gradient less than tolerance.
 
--- Restarting execution
--- ExChevyFunction.gms(60) 2 Mb
--- Reading solution for model ChevyModel
--- Executing after solve: elapsed 0:00:00.083
--- ExChevyFunction.gms(62) 3 Mb
*** Status: Normal completion
--- Job ExChevyFunction.gms Stop 10/04/20 23:13:16 elapsed 0:00:00.171
