
--- Job HW4_3_MRA.gms Start 09/23/20 10:32:10 24.2.3 r46072 WEX-WEI x86_64/MS Windows
GAMS 24.2.3   Copyright (C) 1987-2014 GAMS Development. All rights reserved
Licensee: Utah Water Research Laboratory (5 user)        G140130:1517AV-GEN
          Utah State University                                      DC7087
          License for teaching and research at degree granting institutions
--- Starting compilation
--- HW4_3_MRA.gms(47) 3 Mb 1 Error
*** Error 170 in C:\Rosenberg\Work\USU\Classes\CEE6410\Fall2020\StudentWork\CodeAttempts\HW4_3_MRA.gms
    Domain violation for element
--- HW4_3_MRA.gms(48) 3 Mb 2 Errors
*** Error 170 in C:\Rosenberg\Work\USU\Classes\CEE6410\Fall2020\StudentWork\CodeAttempts\HW4_3_MRA.gms
    Domain violation for element
--- HW4_3_MRA.gms(49) 3 Mb 3 Errors
*** Error 170 in C:\Rosenberg\Work\USU\Classes\CEE6410\Fall2020\StudentWork\CodeAttempts\HW4_3_MRA.gms
    Domain violation for element
--- HW4_3_MRA.gms(50) 3 Mb 7 Errors
*** Error 170 in C:\Rosenberg\Work\USU\Classes\CEE6410\Fall2020\StudentWork\CodeAttempts\HW4_3_MRA.gms
    Domain violation for element
*** Error 170 in C:\Rosenberg\Work\USU\Classes\CEE6410\Fall2020\StudentWork\CodeAttempts\HW4_3_MRA.gms
    Domain violation for element
*** Error 170 in C:\Rosenberg\Work\USU\Classes\CEE6410\Fall2020\StudentWork\CodeAttempts\HW4_3_MRA.gms
    Domain violation for element
*** Error 170 in C:\Rosenberg\Work\USU\Classes\CEE6410\Fall2020\StudentWork\CodeAttempts\HW4_3_MRA.gms
    Domain violation for element
--- HW4_3_MRA.gms(51) 3 Mb 10 Errors
*** Error 170 in C:\Rosenberg\Work\USU\Classes\CEE6410\Fall2020\StudentWork\CodeAttempts\HW4_3_MRA.gms
    Domain violation for element
*** Error 170 in C:\Rosenberg\Work\USU\Classes\CEE6410\Fall2020\StudentWork\CodeAttempts\HW4_3_MRA.gms
    Domain violation for element
*** Error 170 in C:\Rosenberg\Work\USU\Classes\CEE6410\Fall2020\StudentWork\CodeAttempts\HW4_3_MRA.gms
    Domain violation for element
--- HW4_3_MRA.gms(52) 3 Mb 14 Errors
*** Error 170 in C:\Rosenberg\Work\USU\Classes\CEE6410\Fall2020\StudentWork\CodeAttempts\HW4_3_MRA.gms
    Domain violation for element
*** Error 170 in C:\Rosenberg\Work\USU\Classes\CEE6410\Fall2020\StudentWork\CodeAttempts\HW4_3_MRA.gms
    Domain violation for element
*** Error 170 in C:\Rosenberg\Work\USU\Classes\CEE6410\Fall2020\StudentWork\CodeAttempts\HW4_3_MRA.gms
    Domain violation for element
*** Error 170 in C:\Rosenberg\Work\USU\Classes\CEE6410\Fall2020\StudentWork\CodeAttempts\HW4_3_MRA.gms
    Domain violation for element
--- HW4_3_MRA.gms(58) 3 Mb 15 Errors
*** Error 257 in C:\Rosenberg\Work\USU\Classes\CEE6410\Fall2020\StudentWork\CodeAttempts\HW4_3_MRA.gms
    Solve statement not checked because of previous errors
--- HW4_3_MRA.gms(58) 3 Mb 15 Errors
*** Status: Compilation error(s)
--- Job HW4_3_MRA.gms Stop 09/23/20 10:32:10 elapsed 0:00:00.081
Exit code = 2
